<?xml version="1.0" encoding="UTF-8" standalone="no"?>
<testsuite errors="0" failures="0" name="io.cucumber.core.plugin.JUnitFormatter" skipped="0" tests="2" time="46.632">
<testcase classname="Search and place order for Vegetables" name="Search for items and validate results" time="21.086">
<system-out><![CDATA[Given User is on Greencart Landing page.....................................passed
When User searched for "Cucumber" Vegetable.................................passed
Then "Cucumber" results are displayed.......................................passed
]]></system-out>
</testcase>
<testcase classname="Search and place order for Vegetables" name="Search for items and then move to checkout page" time="25.04">
<system-out><![CDATA[Given User is on Greencart Landing page.....................................passed
When User searched for "Brinjal" Vegetable..................................passed
And Added items to cart.....................................................passed
And User proceeded to Checkout page for purchase............................passed
Then verify selected "Brinjal" items are displayed in Check out page........passed
]]></system-out>
</testcase>
</testsuite>
